Info    : Meshing 1D...
Info    : [  0%] Meshing curve 1 (Line)
Info    : [ 10%] Meshing curve 2 (Line)
Info    : [ 20%] Meshing curve 3 (Line)
Info    : [ 30%] Meshing curve 4 (Line)
Info    : [ 40%] Meshing curve 5 (Line)
Info    : [ 50%] Meshing curve 6 (Line)
Info    : [ 60%] Meshing curve 7 (Line)
Info    : [ 60%] Meshing curve 8 (Line)
Info    : [ 70%] Meshing curve 9 (Line)
Info    : [ 80%] Meshing curve 10 (Line)
Info    : [ 90%] Meshing curve 11 (Line)
Info    : [100%] Meshing curve 12 (Line)
Info    : Done meshing 1D (Wall 0.000418717s, CPU 0.000407s)
Info    : Meshing 2D...
Info    : [  0%] Meshing surface 1 (BSpline surface, Frontal-Delaunay)
Info    : [ 20%] Meshing surface 2 (BSpline surface, Frontal-Delaunay)
Info    : [ 40%] Meshing surface 3 (BSpline surface, Frontal-Delaunay)
Info    : [ 60%] Meshing surface 4 (BSpline surface, Frontal-Delaunay)
Info    : [ 70%] Meshing surface 5 (BSpline surface, Frontal-Delaunay)
Info    : [ 90%] Meshing surface 6 (BSpline surface, Frontal-Delaunay)
Info    : Done meshing 2D (Wall 0.00919653s, CPU 0.009166s)
Info    : Meshing 3D...
Info    : 3D Meshing 1 volume with 1 connected component
Info    : Tetrahedrizing 448 nodes...
Info    : Done tetrahedrizing 456 nodes (Wall 0.00243794s, CPU 0.002434s)
Info    : Reconstructing mesh...
Info    :  - Creating surface mesh
Info    :  - Identifying boundary edges
Info    :  - Recovering boundary
Info    :  - Added 1 Steiner point
Info    : Done reconstructing mesh (Wall 0.0053218s, CPU 0.004326s)
Info    : Found volume 1
Info    : It. 0 - 0 nodes created - worst tet radius 1.85364 (nodes removed 0 0)
Info    : 3D refinement terminated (496 nodes total):
Info    :  - 1 Delaunay cavities modified for star shapeness
Info    :  - 6 nodes could not be inserted
Info    :  - 1426 tetrahedra created in 0.00112209 sec. (1270840 tets/s)
Info    : 0 node relocations
Info    : Done meshing 3D (Wall 0.0106877s, CPU 0.009649s)
Info    : Optimizing mesh...
Info    : Optimizing volume 1
Info    : Optimization starts (volume = 0.005) with worst = 0.010265 / average = 0.789345:
Info    : 0.00 < quality < 0.10 :         1 elements
Info    : 0.10 < quality < 0.20 :         8 elements
Info    : 0.20 < quality < 0.30 :        16 elements
Info    : 0.30 < quality < 0.40 :         7 elements
Info    : 0.40 < quality < 0.50 :        40 elements
Info    : 0.50 < quality < 0.60 :        52 elements
Info    : 0.60 < quality < 0.70 :       199 elements
Info    : 0.70 < quality < 0.80 :       307 elements
Info    : 0.80 < quality < 0.90 :       445 elements
Info    : 0.90 < quality < 1.00 :       351 elements
Info    : 21 edge swaps, 4 node relocations (volume = 0.005): worst = 0.165237 / average = 0.795765 (Wall 0.000221126s, CPU 0.000221s)
Info    : 26 edge swaps, 7 node relocations (volume = 0.005): worst = 0.258886 / average = 0.797588 (Wall 0.000295095s, CPU 0.000295s)
Info    : 28 edge swaps, 7 node relocations (volume = 0.005): worst = 0.258886 / average = 0.79847 (Wall 0.000349407s, CPU 0.000349s)
Info    : No ill-shaped tets in the mesh :-)
Info    : 0.00 < quality < 0.10 :         0 elements
Info    : 0.10 < quality < 0.20 :         0 elements
Info    : 0.20 < quality < 0.30 :         1 elements
Info    : 0.30 < quality < 0.40 :        13 elements
Info    : 0.40 < quality < 0.50 :        40 elements
Info    : 0.50 < quality < 0.60 :        52 elements
Info    : 0.60 < quality < 0.70 :       196 elements
Info    : 0.70 < quality < 0.80 :       321 elements
Info    : 0.80 < quality < 0.90 :       435 elements
Info    : 0.90 < quality < 1.00 :       349 elements
Info    : Done optimizing mesh (Wall 0.000905875s, CPU 0.000903s)
Info    : 496 nodes 2467 elements
Info    : Writing '/workspace/demo/beam/output/beam.msh'...
Info    : Done writing '/workspace/demo/beam/output/beam.msh'
Info    : Reading '/workspace/demo/beam/output/beam.msh'...
Info    : 27 entities
Info    : 496 nodes
Info    : 1407 elements
Info    : Done reading '/workspace/demo/beam/output/beam.msh'
[2026-06-03 17:13:23.375] [info] Extract basic topology: 5628->5628
[2026-06-03 17:13:23.375] [info] Build local dual graphs, re-order cells, and compute process boundary vertices.
[2026-06-03 17:13:23.375] [info] Build local part of mesh dual graph (mixed)
[2026-06-03 17:13:23.376] [info] GPS pseudo-diameter:(104) 1347-1338
[2026-06-03 17:13:23.376] [info] Create topology (generalised)
[2026-06-03 17:13:23.376] [info] Computing communication graph edges (using NBX algorithm). Number of input edges: 1
[2026-06-03 17:13:23.376] [info] Finished graph edge discovery using NBX algorithm. Number of discovered edges 1
[2026-06-03 17:13:23.376] [info] Compute ghost indices
[2026-06-03 17:13:23.376] [info] Computing communication graph edges (using PCX algorithm). Number of input edges: 0
[2026-06-03 17:13:23.376] [info] Finished graph edge discovery using PCX algorithm. Number of discovered edges 0
[2026-06-03 17:13:23.377] [info] Computing communication graph edges (using NBX algorithm). Number of input edges: 0
[2026-06-03 17:13:23.377] [info] Finished graph edge discovery using NBX algorithm. Number of discovered edges 0
[2026-06-03 17:13:23.377] [info] Computing communication graph edges (using NBX algorithm). Number of input edges: 0
[2026-06-03 17:13:23.377] [info] Finished graph edge discovery using NBX algorithm. Number of discovered edges 0
[2026-06-03 17:13:23.377] [info] Number of neighbourhood source ranks in distribute_to_postoffice: 0
[2026-06-03 17:13:23.377] [info] Computing communication graph edges (using NBX algorithm). Number of input edges: 0
[2026-06-03 17:13:23.377] [info] Finished graph edge discovery using NBX algorithm. Number of discovered edges 0
[2026-06-03 17:13:23.377] [info] Neighbourhood destination ranks from post office in distribute_data (rank, num dests, num dests/mpi_size): 0, 0, 0
[2026-06-03 17:13:23.377] [info] Create Geometry (multiple)
[2026-06-03 17:13:23.377] [info] Got 1 dof layouts
[2026-06-03 17:13:23.377] [info] Checking required entities per dimension
[2026-06-03 17:13:23.377] [info] Cell type: 0 dofmap: 1407x4
[2026-06-03 17:13:23.377] [info] Global index computation
[2026-06-03 17:13:23.377] [info] Got 1 index_maps
[2026-06-03 17:13:23.377] [info] Get global indices
[2026-06-03 17:13:23.377] [info] Calling compute_local_to_global
[2026-06-03 17:13:23.377] [info] xdofs.size = 5628
[2026-06-03 17:13:23.377] [info] dofmap sizes = 5628 
[2026-06-03 17:13:23.377] [info] all_dofmaps.size = 5628
[2026-06-03 17:13:23.377] [info] nodes.size = 496
[2026-06-03 17:13:23.377] [info] Creating geometry with 1 dofmaps
[2026-06-03 17:13:23.377] [info] XDMF distribute entity data
[2026-06-03 17:13:23.377] [info] Computing communication graph edges (using NBX algorithm). Number of input edges: 1
[2026-06-03 17:13:23.377] [info] Finished graph edge discovery using NBX algorithm. Number of discovered edges 1
[2026-06-03 17:13:23.377] [info] Computing communication graph edges (using NBX algorithm). Number of input edges: 1
[2026-06-03 17:13:23.377] [info] Finished graph edge discovery using NBX algorithm. Number of discovered edges 1
[2026-06-03 17:13:23.377] [info] XDMF build map
[2026-06-03 17:13:23.378] [info] Requesting connectivity (3, 0) - (3, 0)
[2026-06-03 17:13:23.378] [info] Building MeshTags object from tagged entities (defined by vertices).
[2026-06-03 17:13:23.378] [info] Build list of mesh entity indices from the entity vertices.
[2026-06-03 17:13:23.378] [info] Computing mesh entities of dimension 1
[2026-06-03 17:13:23.379] [info] Computing communication graph edges (using NBX algorithm). Number of input edges: 0
[2026-06-03 17:13:23.379] [info] Finished graph edge discovery using NBX algorithm. Number of discovered edges 0
[2026-06-03 17:13:23.379] [info] Requesting connectivity (1, 0) - (3, 0)
[2026-06-03 17:13:23.379] [info] Computing mesh connectivity 1-3 from transpose.
[2026-06-03 17:13:23.380] [info] Checking required entities per dimension
[2026-06-03 17:13:23.380] [info] Cell type: 0 dofmap: 1407x10
[2026-06-03 17:13:23.380] [info] Global index computation
[2026-06-03 17:13:23.380] [info] Got 2 index_maps
[2026-06-03 17:13:23.380] [info] Get global indices
[2026-06-03 17:13:23.384] [info] Computing mesh entities of dimension 2
[2026-06-03 17:13:23.384] [info] Computing communication graph edges (using NBX algorithm). Number of input edges: 0
[2026-06-03 17:13:23.384] [info] Finished graph edge discovery using NBX algorithm. Number of discovered edges 0
[2026-06-03 17:13:23.384] [info] Requesting connectivity (2, 0) - (3, 0)
[2026-06-03 17:13:23.384] [info] Computing mesh connectivity 2-3 from transpose.
[2026-06-03 17:13:23.384] [info] Requesting connectivity (2, 0) - (0, 0)
[2026-06-03 17:13:23.384] [info] Requesting connectivity (2, 0) - (1, 0)
[2026-06-03 17:13:23.385] [info] Requesting connectivity (0, 0) - (3, 0)
[2026-06-03 17:13:23.385] [info] Computing mesh connectivity 0-3 from transpose.
[2026-06-03 17:13:23.385] [info] Requesting connectivity (3, 0) - (0, 0)
[2026-06-03 17:13:23.388] [info] Column ghost size increased from 0 to 0
[2026-06-03 17:13:23.402] [info] Column ghost size increased from 0 to 0
============================================================
Beam Modal Analysis Demo
============================================================
Beam dimensions: 1.0 x 0.05 x 0.1 m
Material: E=2.10e+11 Pa, rho=7850.0 kg/m³

Generating mesh...
Mesh saved to: /workspace/demo/beam/output/beam.msh

Solving modal analysis...

Computed Eigenfrequencies:
----------------------------------------
  Mode 1: 263.59 Hz
  Mode 2: 513.80 Hz
  Mode 3: 715.76 Hz
  Mode 4: 1201.59 Hz
  Mode 5: 1338.43 Hz
  Mode 6: 1374.20 Hz

Analytical Solution (Euler-Bernoulli):
----------------------------------------
  Mode 1: 58.63 Hz
  Mode 2: 527.70 Hz
  Mode 3: 1465.83 Hz
  Mode 4: 2873.03 Hz
  Mode 5: 4749.29 Hz
  Mode 6: 7094.63 Hz

============================================================
Done
