Info    : Meshing 1D...
Info    : [  0%] Meshing curve 1 (Line)
Info    : [ 10%] Meshing curve 2 (Line)
Info    : [ 20%] Meshing curve 3 (Line)
Info    : [ 30%] Meshing curve 4 (Line)
Info    : [ 40%] Meshing curve 5 (Line)
Info    : [ 50%] Meshing curve 6 (Line)
Info    : [ 60%] Meshing curve 7 (Line)
Info    : [ 60%] Meshing curve 8 (Line)
Info    : [ 70%] Meshing curve 9 (Line)
Info    : [ 80%] Meshing curve 10 (Line)
Info    : [ 90%] Meshing curve 11 (Line)
Info    : [100%] Meshing curve 12 (Line)
Info    : Done meshing 1D (Wall 0.000438847s, CPU 0.000437s)
Info    : Meshing 2D...
Info    : [  0%] Meshing surface 1 (BSpline surface, Frontal-Delaunay)
Info    : [ 20%] Meshing surface 2 (BSpline surface, Frontal-Delaunay)
Info    : [ 40%] Meshing surface 3 (BSpline surface, Frontal-Delaunay)
Info    : [ 60%] Meshing surface 4 (BSpline surface, Frontal-Delaunay)
Info    : [ 70%] Meshing surface 5 (BSpline surface, Frontal-Delaunay)
Info    : [ 90%] Meshing surface 6 (BSpline surface, Frontal-Delaunay)
Info    : Done meshing 2D (Wall 0.0036926s, CPU 0.00368s)
Info    : Meshing 3D...
Info    : 3D Meshing 1 volume with 1 connected component
Info    : Tetrahedrizing 176 nodes...
Info    : Done tetrahedrizing 184 nodes (Wall 0.000877892s, CPU 0.000875s)
Info    : Reconstructing mesh...
Info    :  - Creating surface mesh
Info    :  - Identifying boundary edges
Info    :  - Recovering boundary
Info    : Done reconstructing mesh (Wall 0.00183712s, CPU 0.001834s)
Info    : Found volume 1
Info    : It. 0 - 0 nodes created - worst tet radius 0.783922 (nodes removed 0 0)
Info    : 3D refinement terminated (176 nodes total):
Info    :  - 0 Delaunay cavities modified for star shapeness
Info    :  - 0 nodes could not be inserted
Info    :  - 419 tetrahedra created in 5.741e-06 sec. (72983803 tets/s)
Info    : 0 node relocations
Info    : Done meshing 3D (Wall 0.003286s, CPU 0.003278s)
Info    : Optimizing mesh...
Info    : Optimizing volume 1
Info    : Optimization starts (volume = 0.005) with worst = 0.0253975 / average = 0.670233:
Info    : 0.00 < quality < 0.10 :        10 elements
Info    : 0.10 < quality < 0.20 :         3 elements
Info    : 0.20 < quality < 0.30 :         2 elements
Info    : 0.30 < quality < 0.40 :         2 elements
Info    : 0.40 < quality < 0.50 :         8 elements
Info    : 0.50 < quality < 0.60 :       139 elements
Info    : 0.60 < quality < 0.70 :        37 elements
Info    : 0.70 < quality < 0.80 :        74 elements
Info    : 0.80 < quality < 0.90 :       132 elements
Info    : 0.90 < quality < 1.00 :        12 elements
Info    : 15 edge swaps, 0 node relocations (volume = 0.005): worst = 0.324116 / average = 0.67804 (Wall 0.000122621s, CPU 0.000123s)
Info    : No ill-shaped tets in the mesh :-)
Info    : 0.00 < quality < 0.10 :         0 elements
Info    : 0.10 < quality < 0.20 :         0 elements
Info    : 0.20 < quality < 0.30 :         0 elements
Info    : 0.30 < quality < 0.40 :         2 elements
Info    : 0.40 < quality < 0.50 :        18 elements
Info    : 0.50 < quality < 0.60 :       147 elements
Info    : 0.60 < quality < 0.70 :        39 elements
Info    : 0.70 < quality < 0.80 :        78 elements
Info    : 0.80 < quality < 0.90 :       117 elements
Info    : 0.90 < quality < 1.00 :        13 elements
Info    : Done optimizing mesh (Wall 0.000310153s, CPU 0.000311s)
Info    : 176 nodes 862 elements
Info    : Writing '/workspace/demo/beam/output/beam.msh'...
Info    : Done writing '/workspace/demo/beam/output/beam.msh'
Info    : Reading '/workspace/demo/beam/output/beam.msh'...
Info    : 27 entities
Info    : 176 nodes
Info    : 414 elements
Info    : Done reading '/workspace/demo/beam/output/beam.msh'
[2026-06-03 17:15:17.444] [info] Extract basic topology: 1656->1656
[2026-06-03 17:15:17.444] [info] Build local dual graphs, re-order cells, and compute process boundary vertices.
[2026-06-03 17:15:17.444] [info] Build local part of mesh dual graph (mixed)
[2026-06-03 17:15:17.444] [info] GPS pseudo-diameter:(74) 348-354
[2026-06-03 17:15:17.445] [info] Create topology (generalised)
[2026-06-03 17:15:17.445] [info] Computing communication graph edges (using NBX algorithm). Number of input edges: 1
[2026-06-03 17:15:17.445] [info] Finished graph edge discovery using NBX algorithm. Number of discovered edges 1
[2026-06-03 17:15:17.445] [info] Compute ghost indices
[2026-06-03 17:15:17.445] [info] Computing communication graph edges (using PCX algorithm). Number of input edges: 0
[2026-06-03 17:15:17.445] [info] Finished graph edge discovery using PCX algorithm. Number of discovered edges 0
[2026-06-03 17:15:17.445] [info] Computing communication graph edges (using NBX algorithm). Number of input edges: 0
[2026-06-03 17:15:17.445] [info] Finished graph edge discovery using NBX algorithm. Number of discovered edges 0
[2026-06-03 17:15:17.445] [info] Computing communication graph edges (using NBX algorithm). Number of input edges: 0
[2026-06-03 17:15:17.445] [info] Finished graph edge discovery using NBX algorithm. Number of discovered edges 0
[2026-06-03 17:15:17.445] [info] Number of neighbourhood source ranks in distribute_to_postoffice: 0
[2026-06-03 17:15:17.445] [info] Computing communication graph edges (using NBX algorithm). Number of input edges: 0
[2026-06-03 17:15:17.445] [info] Finished graph edge discovery using NBX algorithm. Number of discovered edges 0
[2026-06-03 17:15:17.445] [info] Neighbourhood destination ranks from post office in distribute_data (rank, num dests, num dests/mpi_size): 0, 0, 0
[2026-06-03 17:15:17.445] [info] Create Geometry (multiple)
[2026-06-03 17:15:17.445] [info] Got 1 dof layouts
[2026-06-03 17:15:17.445] [info] Checking required entities per dimension
[2026-06-03 17:15:17.445] [info] Cell type: 0 dofmap: 414x4
[2026-06-03 17:15:17.445] [info] Global index computation
[2026-06-03 17:15:17.445] [info] Got 1 index_maps
[2026-06-03 17:15:17.445] [info] Get global indices
[2026-06-03 17:15:17.445] [info] Calling compute_local_to_global
[2026-06-03 17:15:17.445] [info] xdofs.size = 1656
[2026-06-03 17:15:17.445] [info] dofmap sizes = 1656 
[2026-06-03 17:15:17.445] [info] all_dofmaps.size = 1656
[2026-06-03 17:15:17.445] [info] nodes.size = 176
[2026-06-03 17:15:17.445] [info] Creating geometry with 1 dofmaps
[2026-06-03 17:15:17.445] [info] XDMF distribute entity data
[2026-06-03 17:15:17.445] [info] Computing communication graph edges (using NBX algorithm). Number of input edges: 1
[2026-06-03 17:15:17.445] [info] Finished graph edge discovery using NBX algorithm. Number of discovered edges 1
[2026-06-03 17:15:17.445] [info] Computing communication graph edges (using NBX algorithm). Number of input edges: 1
[2026-06-03 17:15:17.445] [info] Finished graph edge discovery using NBX algorithm. Number of discovered edges 1
[2026-06-03 17:15:17.445] [info] XDMF build map
[2026-06-03 17:15:17.445] [info] Requesting connectivity (3, 0) - (3, 0)
[2026-06-03 17:15:17.445] [info] Building MeshTags object from tagged entities (defined by vertices).
[2026-06-03 17:15:17.445] [info] Build list of mesh entity indices from the entity vertices.
[2026-06-03 17:15:17.446] [info] Computing mesh entities of dimension 1
[2026-06-03 17:15:17.446] [info] Computing communication graph edges (using NBX algorithm). Number of input edges: 0
[2026-06-03 17:15:17.446] [info] Finished graph edge discovery using NBX algorithm. Number of discovered edges 0
[2026-06-03 17:15:17.446] [info] Requesting connectivity (1, 0) - (3, 0)
[2026-06-03 17:15:17.446] [info] Computing mesh connectivity 1-3 from transpose.
[2026-06-03 17:15:17.446] [info] Checking required entities per dimension
[2026-06-03 17:15:17.446] [info] Cell type: 0 dofmap: 414x10
[2026-06-03 17:15:17.446] [info] Global index computation
[2026-06-03 17:15:17.446] [info] Got 2 index_maps
[2026-06-03 17:15:17.446] [info] Get global indices
[2026-06-03 17:15:17.450] [info] Computing mesh entities of dimension 2
[2026-06-03 17:15:17.450] [info] Computing communication graph edges (using NBX algorithm). Number of input edges: 0
[2026-06-03 17:15:17.450] [info] Finished graph edge discovery using NBX algorithm. Number of discovered edges 0
[2026-06-03 17:15:17.451] [info] Requesting connectivity (2, 0) - (3, 0)
[2026-06-03 17:15:17.451] [info] Computing mesh connectivity 2-3 from transpose.
[2026-06-03 17:15:17.451] [info] Requesting connectivity (2, 0) - (0, 0)
[2026-06-03 17:15:17.451] [info] Requesting connectivity (2, 0) - (1, 0)
[2026-06-03 17:15:17.451] [info] Requesting connectivity (0, 0) - (3, 0)
[2026-06-03 17:15:17.451] [info] Computing mesh connectivity 0-3 from transpose.
[2026-06-03 17:15:17.451] [info] Requesting connectivity (3, 0) - (0, 0)
[2026-06-03 17:15:17.452] [info] Column ghost size increased from 0 to 0
[2026-06-03 17:15:17.455] [info] Column ghost size increased from 0 to 0
============================================================
Beam Modal Analysis Demo
============================================================
Beam dimensions: 1.0 x 0.05 x 0.1 m
Material: E=2.10e+11 Pa, rho=7850.0 kg/m³

Generating mesh...
Mesh saved to: /workspace/demo/beam/output/beam.msh

Solving modal analysis...

Computed Eigenfrequencies:
----------------------------------------
  Mode 1: 263.74 Hz
  Mode 2: 513.94 Hz
  Mode 3: 717.26 Hz
  Mode 4: 1230.81 Hz
  Mode 5: 1339.70 Hz
  Mode 6: 1379.84 Hz

Analytical Solution (Euler-Bernoulli):
----------------------------------------
  Mode 1: 58.63 Hz
  Mode 2: 527.70 Hz
  Mode 3: 1465.83 Hz
  Mode 4: 2873.03 Hz
  Mode 5: 4749.29 Hz
  Mode 6: 7094.63 Hz

============================================================
Done
