Info    : Meshing 1D...
Info    : [  0%] Meshing curve 1 (Line)
Info    : [ 10%] Meshing curve 2 (Line)
Info    : [ 20%] Meshing curve 3 (Line)
Info    : [ 30%] Meshing curve 4 (Line)
Info    : [ 40%] Meshing curve 5 (Line)
Info    : [ 50%] Meshing curve 6 (Line)
Info    : [ 60%] Meshing curve 7 (Line)
Info    : [ 60%] Meshing curve 8 (Line)
Info    : [ 70%] Meshing curve 9 (Line)
Info    : [ 80%] Meshing curve 10 (Line)
Info    : [ 90%] Meshing curve 11 (Line)
Info    : [100%] Meshing curve 12 (Line)
Info    : Done meshing 1D (Wall 0.000408602s, CPU 0.000406s)
Info    : Meshing 2D...
Info    : [  0%] Meshing surface 1 (Plane, Frontal-Delaunay)
Info    : [ 20%] Meshing surface 2 (Plane, Frontal-Delaunay)
Info    : [ 40%] Meshing surface 3 (Plane, Frontal-Delaunay)
Info    : [ 60%] Meshing surface 4 (Plane, Frontal-Delaunay)
Info    : [ 70%] Meshing surface 5 (Plane, Frontal-Delaunay)
Info    : [ 90%] Meshing surface 6 (Plane, Frontal-Delaunay)
Info    : Done meshing 2D (Wall 0.00138762s, CPU 0.001384s)
Info    : Meshing 3D...
Info    : 3D Meshing 1 volume with 1 connected component
Info    : Tetrahedrizing 86 nodes...
Info    : Done tetrahedrizing 94 nodes (Wall 0.000447194s, CPU 0.000444s)
Info    : Reconstructing mesh...
Info    :  - Creating surface mesh
Info    :  - Identifying boundary edges
Info    :  - Recovering boundary
Info    :  - Added 2 Steiner points
Info    : Done reconstructing mesh (Wall 0.00207042s, CPU 0.002063s)
Info    : Found volume 1
Info    : It. 0 - 0 nodes created - worst tet radius 1.13994 (nodes removed 0 0)
Info    : 3D refinement terminated (88 nodes total):
Info    :  - 0 Delaunay cavities modified for star shapeness
Info    :  - 5 nodes could not be inserted
Info    :  - 196 tetrahedra created in 9.198e-06 sec. (21308980 tets/s)
Info    : 5 node relocations
Info    : Done meshing 3D (Wall 0.00283211s, CPU 0.002803s)
Info    : Optimizing mesh...
Info    : Optimizing volume 1
Info    : Optimization starts (volume = 0.005) with worst = 0.142654 / average = 0.621549:
Info    : 0.00 < quality < 0.10 :         0 elements
Info    : 0.10 < quality < 0.20 :         4 elements
Info    : 0.20 < quality < 0.30 :         4 elements
Info    : 0.30 < quality < 0.40 :         0 elements
Info    : 0.40 < quality < 0.50 :        46 elements
Info    : 0.50 < quality < 0.60 :        10 elements
Info    : 0.60 < quality < 0.70 :       100 elements
Info    : 0.70 < quality < 0.80 :        16 elements
Info    : 0.80 < quality < 0.90 :         8 elements
Info    : 0.90 < quality < 1.00 :         8 elements
Info    : 2 edge swaps, 2 node relocations (volume = 0.005): worst = 0.371908 / average = 0.634749 (Wall 4.9313e-05s, CPU 4.9e-05s)
Info    : No ill-shaped tets in the mesh :-)
Info    : 0.00 < quality < 0.10 :         0 elements
Info    : 0.10 < quality < 0.20 :         0 elements
Info    : 0.20 < quality < 0.30 :         0 elements
Info    : 0.30 < quality < 0.40 :         4 elements
Info    : 0.40 < quality < 0.50 :        46 elements
Info    : 0.50 < quality < 0.60 :         8 elements
Info    : 0.60 < quality < 0.70 :       106 elements
Info    : 0.70 < quality < 0.80 :        16 elements
Info    : 0.80 < quality < 0.90 :         8 elements
Info    : 0.90 < quality < 1.00 :         8 elements
Info    : Done optimizing mesh (Wall 0.000146176s, CPU 0.000146s)
Info    : 88 nodes 420 elements
Info    : Writing '/workspace/demo/beam/output/beam.msh'...
Info    : Done writing '/workspace/demo/beam/output/beam.msh'
Info    : Reading '/workspace/demo/beam/output/beam.msh'...
Info    : 27 entities
Info    : 88 nodes
Info    : 196 elements
Info    : Done reading '/workspace/demo/beam/output/beam.msh'
[2026-06-03 15:55:00.989] [info] Extract basic topology: 784->784
[2026-06-03 15:55:00.989] [info] Build local dual graphs, re-order cells, and compute process boundary vertices.
[2026-06-03 15:55:00.989] [info] Build local part of mesh dual graph (mixed)
[2026-06-03 15:55:00.989] [info] GPS pseudo-diameter:(50) 18-184
[2026-06-03 15:55:00.989] [info] Create topology (generalised)
[2026-06-03 15:55:00.989] [info] Computing communication graph edges (using NBX algorithm). Number of input edges: 1
[2026-06-03 15:55:00.989] [info] Finished graph edge discovery using NBX algorithm. Number of discovered edges 1
[2026-06-03 15:55:00.990] [info] Compute ghost indices
[2026-06-03 15:55:00.990] [info] Computing communication graph edges (using PCX algorithm). Number of input edges: 0
[2026-06-03 15:55:00.990] [info] Finished graph edge discovery using PCX algorithm. Number of discovered edges 0
[2026-06-03 15:55:00.990] [info] Computing communication graph edges (using NBX algorithm). Number of input edges: 0
[2026-06-03 15:55:00.990] [info] Finished graph edge discovery using NBX algorithm. Number of discovered edges 0
[2026-06-03 15:55:00.990] [info] Computing communication graph edges (using NBX algorithm). Number of input edges: 0
[2026-06-03 15:55:00.990] [info] Finished graph edge discovery using NBX algorithm. Number of discovered edges 0
[2026-06-03 15:55:00.990] [info] Number of neighbourhood source ranks in distribute_to_postoffice: 0
[2026-06-03 15:55:00.990] [info] Computing communication graph edges (using NBX algorithm). Number of input edges: 0
[2026-06-03 15:55:00.990] [info] Finished graph edge discovery using NBX algorithm. Number of discovered edges 0
[2026-06-03 15:55:00.990] [info] Neighbourhood destination ranks from post office in distribute_data (rank, num dests, num dests/mpi_size): 0, 0, 0
[2026-06-03 15:55:00.990] [info] Create Geometry (multiple)
[2026-06-03 15:55:00.990] [info] Got 1 dof layouts
[2026-06-03 15:55:00.990] [info] Checking required entities per dimension
[2026-06-03 15:55:00.990] [info] Cell type: 0 dofmap: 196x4
[2026-06-03 15:55:00.990] [info] Global index computation
[2026-06-03 15:55:00.990] [info] Got 1 index_maps
[2026-06-03 15:55:00.990] [info] Get global indices
[2026-06-03 15:55:00.990] [info] Calling compute_local_to_global
[2026-06-03 15:55:00.990] [info] xdofs.size = 784
[2026-06-03 15:55:00.990] [info] dofmap sizes = 784 
[2026-06-03 15:55:00.990] [info] all_dofmaps.size = 784
[2026-06-03 15:55:00.990] [info] nodes.size = 88
[2026-06-03 15:55:00.990] [info] Creating geometry with 1 dofmaps
[2026-06-03 15:55:00.990] [info] XDMF distribute entity data
[2026-06-03 15:55:00.990] [info] Computing communication graph edges (using NBX algorithm). Number of input edges: 1
[2026-06-03 15:55:00.990] [info] Finished graph edge discovery using NBX algorithm. Number of discovered edges 1
[2026-06-03 15:55:00.990] [info] Computing communication graph edges (using NBX algorithm). Number of input edges: 1
[2026-06-03 15:55:00.990] [info] Finished graph edge discovery using NBX algorithm. Number of discovered edges 1
[2026-06-03 15:55:00.990] [info] XDMF build map
[2026-06-03 15:55:00.990] [info] Requesting connectivity (3, 0) - (3, 0)
[2026-06-03 15:55:00.990] [info] Building MeshTags object from tagged entities (defined by vertices).
[2026-06-03 15:55:00.990] [info] Build list of mesh entity indices from the entity vertices.
[2026-06-03 15:55:00.990] [info] Computing mesh entities of dimension 1
[2026-06-03 15:55:00.990] [info] Computing communication graph edges (using NBX algorithm). Number of input edges: 0
[2026-06-03 15:55:00.990] [info] Finished graph edge discovery using NBX algorithm. Number of discovered edges 0
[2026-06-03 15:55:00.990] [info] Requesting connectivity (1, 0) - (3, 0)
[2026-06-03 15:55:00.990] [info] Computing mesh connectivity 1-3 from transpose.
[2026-06-03 15:55:00.991] [info] Checking required entities per dimension
[2026-06-03 15:55:00.991] [info] Cell type: 0 dofmap: 196x10
[2026-06-03 15:55:00.991] [info] Global index computation
[2026-06-03 15:55:00.991] [info] Got 2 index_maps
[2026-06-03 15:55:00.991] [info] Get global indices
[2026-06-03 15:55:00.994] [info] Computing mesh entities of dimension 2
[2026-06-03 15:55:00.994] [info] Computing communication graph edges (using NBX algorithm). Number of input edges: 0
[2026-06-03 15:55:00.994] [info] Finished graph edge discovery using NBX algorithm. Number of discovered edges 0
[2026-06-03 15:55:00.994] [info] Requesting connectivity (2, 0) - (3, 0)
[2026-06-03 15:55:00.994] [info] Computing mesh connectivity 2-3 from transpose.
[2026-06-03 15:55:00.994] [info] Requesting connectivity (2, 0) - (0, 0)
[2026-06-03 15:55:00.994] [info] Requesting connectivity (2, 0) - (1, 0)
[2026-06-03 15:55:00.994] [info] Requesting connectivity (0, 0) - (3, 0)
[2026-06-03 15:55:00.994] [info] Computing mesh connectivity 0-3 from transpose.
[2026-06-03 15:55:00.994] [info] Requesting connectivity (3, 0) - (0, 0)
[2026-06-03 15:55:00.995] [info] Column ghost size increased from 0 to 0
[2026-06-03 15:55:00.998] [info] Column ghost size increased from 0 to 0
============================================================
Beam Modal Analysis Demo
============================================================
Beam dimensions: 1.0 x 0.05 x 0.1 m
Material: E=2.10e+11 Pa, rho=7850.0 kg/m³

Generating mesh...
Mesh saved to: /workspace/demo/beam/output/beam.msh

Solving modal analysis...
No eigenvalues converged.

Analytical Solution (Euler-Bernoulli):
----------------------------------------
  Mode 1: 58.63 Hz
  Mode 2: 527.70 Hz
  Mode 3: 1465.83 Hz
  Mode 4: 2873.03 Hz
  Mode 5: 4749.29 Hz
  Mode 6: 7094.63 Hz

============================================================
Done
